<?xml version="1.0" encoding="UTF-8"?>
<!-- Generated by org.testng.reporters.JUnitXMLReporter -->
<testsuite ignored="0" hostname="LAPTOP-1B5NNSUG" failures="0" tests="3" name="Default test" time="0.114" errors="0" timestamp="2023-03-25T20:44:16 IST">
  <testcase classname="test.TestngAnnotationsequence" name="f" time="0.015"/>
  <testcase classname="test.TestngAnnotationsequence" name="f" time="0.003"/>
  <testcase classname="test.TestngAnnotationsequence" name="f" time="0.01"/>
</testsuite> <!-- Default test -->
